1521494507885	geckodriver	INFO	geckodriver 0.20.0
1521494507918	geckodriver	INFO	Listening on 127.0.0.1:58488
1521494511013	mozrunner::runner	INFO	Running command: "C:\\Program Files\\Mozilla Firefox\\firefox.exe" "-marionette" "-headless" "-profile" "C:\\Users\\PERFEC~1\\AppData\\Local\\Temp\\rust_mozprofile.cOSLqSktbMUa"
*** You are running in headless mode.
Unable to read VR Path Registry from C:\Users\Perfect Disk\AppData\Local\openvr\openvrpaths.vrpath
1521494515561	Marionette	INFO	Enabled via --marionette
Unable to read VR Path Registry from C:\Users\Perfect Disk\AppData\Local\openvr\openvrpaths.vrpath
Unable to read VR Path Registry from C:\Users\Perfect Disk\AppData\Local\openvr\openvrpaths.vrpath
1521494524363	Marionette	INFO	Listening on port 58497
1521494525602	Marionette	WARN	TLS certificate errors will be ignored for this session
Unable to read VR Path Registry from C:\Users\Perfect Disk\AppData\Local\openvr\openvrpaths.vrpath
JavaScript error: https://www.drugs.com/health-guide/asthma.html, line 18: ReferenceError: osdlfm is not defined
JavaScript error: https://www.drugs.com/health-guide/asthma.html, line 18: ReferenceError: osdlfm is not defined
1521494545679	addons.productaddons	WARN	Failed downloading via XHR, status: 0, reason: error
1521494613444	geckodriver	INFO	geckodriver 0.20.0
1521494613485	geckodriver	INFO	Listening on 127.0.0.1:49597
1521494616513	mozrunner::runner	INFO	Running command: "C:\\Program Files\\Mozilla Firefox\\firefox.exe" "-marionette" "-headless" "-profile" "C:\\Users\\PERFEC~1\\AppData\\Local\\Temp\\rust_mozprofile.rnFMO7hLXk3B"
*** You are running in headless mode.
Unable to read VR Path Registry from C:\Users\Perfect Disk\AppData\Local\openvr\openvrpaths.vrpath
1521494621071	Marionette	INFO	Enabled via --marionette
Unable to read VR Path Registry from C:\Users\Perfect Disk\AppData\Local\openvr\openvrpaths.vrpath
Unable to read VR Path Registry from C:\Users\Perfect Disk\AppData\Local\openvr\openvrpaths.vrpath
1521494629325	Marionette	INFO	Listening on port 49613
1521494629734	Marionette	WARN	TLS certificate errors will be ignored for this session
Unable to read VR Path Registry from C:\Users\Perfect Disk\AppData\Local\openvr\openvrpaths.vrpath
Unable to read VR Path Registry from C:\Users\Perfect Disk\AppData\Local\openvr\openvrpaths.vrpath
1521494652309	addons.productaddons	WARN	Failed downloading via XHR, status: 0, reason: error
1521494794368	geckodriver	INFO	geckodriver 0.20.0
1521494794391	geckodriver	INFO	Listening on 127.0.0.1:54377
1521494797353	mozrunner::runner	INFO	Running command: "C:\\Program Files\\Mozilla Firefox\\firefox.exe" "-marionette" "-headless" "-profile" "C:\\Users\\PERFEC~1\\AppData\\Local\\Temp\\rust_mozprofile.uOsUATdik7cw"
*** You are running in headless mode.
Unable to read VR Path Registry from C:\Users\Perfect Disk\AppData\Local\openvr\openvrpaths.vrpath
1521494803334	Marionette	INFO	Enabled via --marionette
Unable to read VR Path Registry from C:\Users\Perfect Disk\AppData\Local\openvr\openvrpaths.vrpath
Unable to read VR Path Registry from C:\Users\Perfect Disk\AppData\Local\openvr\openvrpaths.vrpath
[Child 3752, Chrome_ChildThread] WARNING: pipe error: 109: file z:/build/build/src/ipc/chromium/src/chrome/common/ipc_channel_win.cc, line 346
[Child 3752, Chrome_C1521494816257	Marionette	INFO	Listening on port 54385
1521494818390	Marionette	WARN	TLS certificate errors will be ignored for this session
Unable to read VR Path Registry from C:\Users\Perfect Disk\AppData\Local\openvr\openvrpaths.vrpath
Unable to read VR Path Registry from C:\Users\Perfect Disk\AppData\Local\openvr\openvrpaths.vrpath
JavaScript error: https://www.drugs.com/health-guide/asthma.html, line 18: ReferenceError: osdlfm is not defined
JavaScript error: https://www.drugs.com/health-guide/asthma.html, line 18: ReferenceError: osdlfm is not defined
JavaScript error: https://www.drugs.com/health-guide/asthma.html, line 18: ReferenceError: osdlfm is not defined
JavaScript error: https://www.drugs.com/health-guide/asthma.html, line 18: ReferenceError: osdlfm is not defined
1521494850067	addons.productaddons	WARN	Failed downloading via XHR, status: 0, reason: error
1521495721797	geckodriver	INFO	geckodriver 0.20.0
1521495721856	geckodriver	INFO	Listening on 127.0.0.1:60303
1521495732444	mozrunner::runner	INFO	Running command: "C:\\Program Files\\Mozilla Firefox\\firefox.exe" "-marionette" "-headless" "-profile" "C:\\Users\\PERFEC~1\\AppData\\Local\\Temp\\rust_mozprofile.4E4f3UN2cYWN"
*** You are running in headless mode.
Unable to read VR Path Registry from C:\Users\Perfect Disk\AppData\Local\openvr\openvrpaths.vrpath
1521495756325	Marionette	INFO	Enabled via --marionette
Unable to read VR Path Registry from C:\Users\Perfect Disk\AppData\Local\openvr\openvrpaths.vrpath
[Parent 4404, Gecko_IOThread] WARNING: pipe error: 109: file z:/build/build/src/ipc/chromium/src/chrome/common/ipc_channel_win.cc, line 346
[Child 7764, Chrome_ChildThread] WARNING: pipe error: 109: file z:/build/build/src/ipc/chromium/src/chrome/common/ipc_channel_win.cc, line 346
Unable to read VR Path Registry from C:\Users\Perfect Disk\AppData\Local\openvr\openvrpaths.vrpath
1521495782519	Marionette	INFO	Listening on port 60311
1521495783476	Marionette	WARN	TLS certificate errors will be ignored for this session
Unable to read VR Path Registry from C:\Users\Perfect Disk\AppData\Local\openvr\openvrpaths.vrpath
1521495814780	addons.productaddons	WARN	Failed downloading via XHR, status: 0, reason: error
Unable to read VR Path Registry from C:\Users\Perfect Disk\AppData\Local\openvr\openvrpaths.vrpath
1521496188388	geckodriver	INFO	geckodriver 0.20.0
1521496188423	geckodriver	INFO	Listening on 127.0.0.1:49937
1521496191712	mozrunner::runner	INFO	Running command: "C:\\Program Files\\Mozilla Firefox\\firefox.exe" "-marionette" "-headless" "-profile" "C:\\Users\\PERFEC~1\\AppData\\Local\\Temp\\rust_mozprofile.xPdQ8iMEFGt1"
*** You are running in headless mode.
Unable to read VR Path Registry from C:\Users\Perfect Disk\AppData\Local\openvr\openvrpaths.vrpath
1521496202019	Marionette	INFO	Enabled via --marionette
Unable to read VR Path Registry from C:\Users\Perfect Disk\AppData\Local\openvr\openvrpaths.vrpath
Unable to read VR Path Registry from C:\Users\Perfect Disk\AppData\Local\openvr\openvrpaths.vrpath
[Child 9996, Chrome_ChildThread] WARNING: pipe error: 109: file z:/build/build/src/ipc/chromium/src/chrome/common/ipc_channel_win.cc, line 346
[Child 9996, ChromeUnable to read VR Path Registry from C:\Users\Perfect Disk\AppData\Local\openvr\openvrpaths.vrpath
1521496223907	Marionette	INFO	Listening on port 49945
Unable to read VR Path Registry from C:\Users\Perfect Disk\AppData\Local\openvr\openvrpaths.vrpath
1521496225255	Marionette	WARN	TLS certificate errors will be ignored for this session
1521496251116	addons.productaddons	WARN	Failed downloading via XHR, status: 0, reason: error
1521498203702	geckodriver	INFO	geckodriver 0.20.0
1521498203730	geckodriver	INFO	Listening on 127.0.0.1:58391
1521498212117	mozrunner::runner	INFO	Running command: "C:\\Program Files\\Mozilla Firefox\\firefox.exe" "-marionette" "-headless" "-profile" "C:\\Users\\PERFEC~1\\AppData\\Local\\Temp\\rust_mozprofile.Z2py9SAoLl9T"
*** You are running in headless mode.
Unable to read VR Path Registry from C:\Users\Perfect Disk\AppData\Local\openvr\openvrpaths.vrpath
1521498224354	Marionette	INFO	Enabled via --marionette
Unable to read VR Path Registry from C:\Users\Perfect Disk\AppData\Local\openvr\openvrpaths.vrpath
Unable to read VR Path Registry from C:\Users\Perfect Disk\AppData\Local\openvr\openvrpaths.vrpath
[Parent 9608, Gecko_IOThread] WARNING: pipe error: 109: file z:/build/build/src/ipc/chromium/src/chrome/common/ipc_channel_win.cc, line 346
[Child 4976, Chrome_ChildThread] WARNING: pipe error: 109: file z:/build/build/src/ipc/chromium/src/chrome/common/ipc_channel_win.cc, line 346
[Child 4976, Chro1521498248920	Marionette	INFO	Listening on port 58405
1521498250374	Marionette	WARN	TLS certificate errors will be ignored for this session
Unable to read VR Path Registry from C:\Users\Perfect Disk\AppData\Local\openvr\openvrpaths.vrpath
Unable to read VR Path Registry from C:\Users\Perfect Disk\AppData\Local\openvr\openvrpaths.vrpath
1521498281954	addons.productaddons	WARN	Failed downloading via XHR, status: 0, reason: error
127.0.0.1:58529
1521498273676	mozrunner::runner	INFO	Running command: "C:\\Program Files\\Mozilla Firefox\\firefox.exe" "-marionette" "-headless" "-profile" "C:\\Users\\PERFEC~1\\AppData\\Local\\Temp\\rust_mozprofile.oiKdnMTY4dPG"
*** You are running in headless mode.
Unable to read VR Path Registry from C:\Users\Perfect Disk\AppData\Local\openvr\openvrpaths.vrpath
1521498282989	Marionette	INFO	Enabled via --marionette
Unable to read VR Path Registry from C:\Users\Perfect Disk\AppData\Local\openvr\openvrpaths.vrpath
Unable to read VR Path Registry from C:\Users\Perfect Disk\AppData\Local\openvr\openvrpaths.vrpath
1521498305854	Marionette	INFO	Listening on port 58582
[Parent 7612, Gecko_IOThread] WARNING: pipe error: 109: file z:/build/build/src/ipc/chromium/src/chrome/common/ipc_channel_win.cc, line 346
[Child 12224, Chrome_ChildThread] WARNING: pipe error: 109: file z:/build/build/src/ipc/chromium/src/chrome/common/ipc_channel_win.cc, line 346
1521498306326	Marionette	WARN	TLS certificate errors will be ignored for this session
Unable to read VR Path Registry from C:\Users\Perfect Disk\AppData\Local\openvr\openvrpaths.vrpath
1521498319090	addons.productaddons	WARN	Failed downloading via XHR, status: 0, reason: error
Unable to read VR Path Registry from C:\Users\Perfect Disk\AppData\Local\openvr\openvrpaths.vrpath
1521521674358	geckodriver	INFO	geckodriver 0.20.0
1521521674381	geckodriver	INFO	Listening on 127.0.0.1:64276
1521521677792	mozrunner::runner	INFO	Running command: "C:\\Program Files\\Mozilla Firefox\\firefox.exe" "-marionette" "-headless" "-profile" "C:\\Users\\PERFEC~1\\AppData\\Local\\Temp\\rust_mozprofile.9M99nTskcukU"
*** You are running in headless mode.
Unable to read VR Path Registry from C:\Users\Perfect Disk\AppData\Local\openvr\openvrpaths.vrpath
1521521684898	Marionette	INFO	Enabled via --marionette
Unable to read VR Path Registry from C:\Users\Perfect Disk\AppData\Local\openvr\openvrpaths.vrpath
Unable to read VR Path Registry from C:\Users\Perfect Disk\AppData\Local\openvr\openvrpaths.vrpath
[Parent 13920, Gecko_IOThread] WARNING: pipe error: 109: file z:/build/build/src/ipc/chromium/src/chrome/common/ipc_channel_win.cc, line 346
1521521696823	Marionette	INFO	Listening on port 64288
Unable to read VR Path Registry from C:\Users\Perfect Disk\AppData\Local\openvr\openvrpaths.vrpath
Unable to read VR Path Registry from C:\Users\Perfect Disk\AppData\Local\openvr\openvrpaths.vrpath
1521521699244	Marionette	WARN	TLS certificate errors will be ignored for this session
1521521981150	addons.productaddons	WARN	Failed downloading via XHR, status: 0, reason: error
